This is pdfTeX, Version 3.141592653-2.6-1.40.26 (TeX Live 2024) (preloaded format=pdflatex 2024.4.10)  27 APR 2024 19:08
entering extended mode
 restricted \write18 enabled.
 file:line:error style messages enabled.
 %&-line parsing enabled.
**d:/FAVZCU/BP/prilohy/Text_thesis/src/manual.tex
(d:/FAVZCU/BP/prilohy/Text_thesis/src/manual.tex
LaTeX2e <2023-11-01> patch level 1
L3 programming layer <2024-03-14>
(./fasthesis.cls
Document Class: fasthesis 2024/04/10 FAS UWB Thesis Class (Version 0.96)

! LaTeX Error: File `memoir.cls' not found.

Type X to quit or <RETURN> to proceed,
or enter new name. (Default extension: cls)

Enter file name: 
./fasthesis.cls:160: Emergency stop.
<read *> 
         
l.160 \RequirePackage
                     [utf8]{inputenc}^^M
*** (cannot \read from terminal in nonstop modes)

 
Here is how much of TeX's memory you used:
 99 strings out of 474104
 1428 string characters out of 5747502
 1925496 words of memory out of 5000000
 22566 multiletter control sequences out of 15000+600000
 558069 words of font info for 36 fonts, out of 8000000 for 9000
 1141 hyphenation exceptions out of 8191
 33i,0n,43p,195b,17s stack positions out of 10000i,1000n,20000p,200000b,200000s
./fasthesis.cls:160:  ==> Fatal error occurred, no output PDF file produced!
