\BOOKMARK [0][-]{chapter.1}{\376\377\000I\000n\000t\000r\000o\000d\000u\000c\000t\000i\000o\000n}{}% 1
\BOOKMARK [0][-]{chapter.2}{\376\377\000N\000e\000u\000r\000a\000l\000\040\000N\000e\000t\000w\000o\000r\000k\000s}{}% 2
\BOOKMARK [1][-]{section.2.1}{\376\377\000B\000a\000s\000i\000c\000\040\000C\000o\000m\000p\000o\000n\000e\000n\000t\000s}{chapter.2}% 3
\BOOKMARK [1][-]{section.2.2}{\376\377\000A\000c\000t\000i\000v\000a\000t\000i\000o\000n\000\040\000F\000u\000n\000c\000t\000i\000o\000n}{chapter.2}% 4
\BOOKMARK [1][-]{section.2.3}{\376\377\000T\000r\000a\000i\000n\000i\000n\000g\000\040\000P\000r\000o\000c\000e\000s\000s}{chapter.2}% 5
\BOOKMARK [1][-]{section.2.4}{\376\377\000T\000y\000p\000e\000s\000\040\000o\000f\000\040\000N\000e\000u\000r\000a\000l\000\040\000N\000e\000t\000w\000o\000r\000k\000s}{chapter.2}% 6
\BOOKMARK [0][-]{chapter.3}{\376\377\000D\000a\000t\000a\000s\000e\000t\000s}{}% 7
\BOOKMARK [1][-]{section.3.1}{\376\377\000S\000u\000m\000e\000C\000z\000e\000c\000h}{chapter.3}% 8
\BOOKMARK [1][-]{section.3.2}{\376\377\000C\000N\000N\000/\000D\000a\000i\000l\000y\000\040\000M\000a\000i\000l}{chapter.3}% 9
\BOOKMARK [1][-]{section.3.3}{\376\377\000X\000S\000u\000m}{chapter.3}% 10
\BOOKMARK [1][-]{section.3.4}{\376\377\000A\000r\000x\000i\000v\000\040\000D\000a\000t\000a\000s\000e\000t}{chapter.3}% 11
\BOOKMARK [1][-]{section.3.5}{\376\377\000X\000L\000S\000u\000m}{chapter.3}% 12
\BOOKMARK [1][-]{section.3.6}{\376\377\000M\000L\000S\000U\000M}{chapter.3}% 13
\BOOKMARK [1][-]{section.3.7}{\376\377\000B\000O\000O\000K\000S\000U\000M}{chapter.3}% 14
\BOOKMARK [1][-]{section.3.8}{\376\377\000D\000a\000t\000a\000s\000e\000t\000\040\000C\000o\000m\000p\000a\000r\000i\000s\000o\000n}{chapter.3}% 15
\BOOKMARK [0][-]{chapter.4}{\376\377\000M\000e\000t\000h\000o\000d\000s}{}% 16
\BOOKMARK [1][-]{section.4.1}{\376\377\000E\000x\000t\000r\000a\000c\000t\000i\000v\000e\000\040\000S\000u\000m\000m\000a\000r\000i\000z\000a\000t\000i\000o\000n\000\040\000M\000e\000t\000h\000o\000d\000s}{chapter.4}% 17
\BOOKMARK [2][-]{subsection.4.1.1}{\376\377\000L\000e\000v\000e\000r\000a\000g\000i\000n\000g\000\040\000B\000E\000R\000T\000\040\000f\000o\000r\000\040\000E\000x\000t\000r\000a\000c\000t\000i\000v\000e\000\040\000S\000u\000m\000m\000a\000r\000i\000z\000a\000t\000i\000o\000n\000\040\000O\000n\000\040\000L\000e\000c\000t\000u\000r\000e\000s}{section.4.1}% 18
\BOOKMARK [2][-]{subsection.4.1.2}{\376\377\000T\000e\000x\000t\000R\000a\000n\000k}{section.4.1}% 19
\BOOKMARK [2][-]{subsection.4.1.3}{\376\377\000T\000e\000r\000m\000\040\000F\000r\000e\000q\000u\000e\000n\000c\000y\000-\000I\000n\000v\000e\000r\000s\000e\000\040\000D\000o\000c\000u\000m\000e\000n\000t\000\040\000F\000r\000e\000q\000u\000e\000n\000c\000y}{section.4.1}% 20
\BOOKMARK [1][-]{section.4.2}{\376\377\000A\000b\000s\000t\000r\000a\000c\000t\000i\000v\000e\000\040\000S\000u\000m\000m\000a\000r\000i\000z\000a\000t\000i\000o\000n\000\040\000M\000e\000t\000h\000o\000d\000s}{chapter.4}% 21
\BOOKMARK [2][-]{subsection.4.2.1}{\376\377\000T\0005}{section.4.2}% 22
\BOOKMARK [2][-]{subsection.4.2.2}{\376\377\000P\000E\000G\000A\000S\000U\000S}{section.4.2}% 23
\BOOKMARK [2][-]{subsection.4.2.3}{\376\377\000B\000A\000R\000T}{section.4.2}% 24
\BOOKMARK [2][-]{subsection.4.2.4}{\376\377\000m\000T\0005}{section.4.2}% 25
\BOOKMARK [2][-]{subsection.4.2.5}{\376\377\000m\000B\000A\000R\000T}{section.4.2}% 26
\BOOKMARK [2][-]{subsection.4.2.6}{\376\377\000M\000i\000s\000t\000r\000a\000l\000\040\0007\000B}{section.4.2}% 27
\BOOKMARK [2][-]{subsection.4.2.7}{\376\377\000L\000o\000n\000g\000T\0005}{section.4.2}% 28
\BOOKMARK [1][-]{section.4.3}{\376\377\000L\000e\000v\000e\000r\000a\000g\000i\000n\000g\000\040\000A\000u\000t\000o\000m\000a\000t\000i\000c\000\040\000T\000r\000a\000n\000s\000l\000a\000t\000i\000o\000n\000\040\000f\000o\000r\000\040\000C\000z\000e\000c\000h\000\040\000T\000e\000x\000t\000\040\000S\000u\000m\000m\000a\000r\000i\000z\000a\000t\000i\000o\000n}{chapter.4}% 29
\BOOKMARK [2][-]{subsection.4.3.1}{\376\377\000A\000L\000M\000A\000-\000R}{section.4.3}% 30
\BOOKMARK [1][-]{section.4.4}{\376\377\000E\000v\000a\000l\000u\000a\000t\000i\000o\000n\000\040\000M\000e\000t\000r\000i\000c}{chapter.4}% 31
\BOOKMARK [2][-]{subsection.4.4.1}{\376\377\000R\000O\000U\000G\000E\000-\000N}{section.4.4}% 32
\BOOKMARK [2][-]{subsection.4.4.2}{\376\377\000R\000O\000U\000G\000E\000-\000L}{section.4.4}% 33
\BOOKMARK [2][-]{subsection.4.4.3}{\376\377\000R\000O\000U\000G\000E\000R\000A\000W}{section.4.4}% 34
\BOOKMARK [0][-]{chapter.5}{\376\377\000D\000e\000s\000i\000g\000n\000\040\000a\000n\000d\000\040\000I\000m\000p\000l\000e\000m\000e\000n\000t\000a\000t\000i\000o\000n}{}% 35
\BOOKMARK [1][-]{section.5.1}{\376\377\000H\000u\000g\000g\000i\000n\000g\000\040\000F\000a\000c\000e}{chapter.5}% 36
\BOOKMARK [2][-]{subsection.5.1.1}{\376\377\000H\000u\000g\000g\000i\000n\000g\000\040\000F\000a\000c\000e\000\040\000T\000r\000a\000n\000s\000f\000o\000r\000m\000e\000r\000s}{section.5.1}% 37
\BOOKMARK [2][-]{subsection.5.1.2}{\376\377\000H\000u\000g\000g\000i\000n\000g\000\040\000F\000a\000c\000e\000\040\000D\000a\000t\000a\000s\000e\000t\000s\000\040\000l\000i\000b\000r\000a\000r\000y}{section.5.1}% 38
\BOOKMARK [1][-]{section.5.2}{\376\377\000C\000r\000e\000a\000t\000i\000n\000g\000\040\000D\000a\000t\000a\000s\000e\000t\000\040\000f\000o\000r\000\040\000M\000o\000d\000e\000l\000\040\000E\000v\000a\000l\000u\000a\000t\000i\000o\000n}{chapter.5}% 39
\BOOKMARK [2][-]{subsection.5.2.1}{\376\377\000D\000a\000t\000a\000s\000e\000t\000\040\000F\000o\000r\000m\000a\000t}{section.5.2}% 40
\BOOKMARK [2][-]{subsection.5.2.2}{\376\377\000B\000u\000i\000l\000d\000i\000n\000g\000\040\000t\000h\000e\000\040\000D\000a\000t\000a\000s\000e\000t}{section.5.2}% 41
\BOOKMARK [1][-]{section.5.3}{\376\377\000D\000e\000s\000i\000g\000n}{chapter.5}% 42
\BOOKMARK [1][-]{section.5.4}{\376\377\000S\000u\000m\000m\000a\000r\000i\000z\000a\000t\000i\000o\000n\000\040\000M\000o\000d\000e\000l\000s}{chapter.5}% 43
\BOOKMARK [2][-]{subsection.5.4.1}{\376\377\000m\000T\0005}{section.5.4}% 44
\BOOKMARK [2][-]{subsection.5.4.2}{\376\377\000M\000i\000s\000t\000r\000a\000l\000\040\0007\000B}{section.5.4}% 45
\BOOKMARK [1][-]{section.5.5}{\376\377\000T\000S\000T}{chapter.5}% 46
\BOOKMARK [0][-]{chapter.6}{\376\377\000E\000v\000a\000l\000u\000a\000t\000i\000o\000n}{}% 47
\BOOKMARK [1][-]{section.6.1}{\376\377\000P\000e\000r\000f\000o\000r\000m\000a\000n\000c\000e\000\040\000o\000f\000\040\000S\000u\000m\000e\000C\000z\000e\000c\000h\000\040\000T\000r\000a\000i\000n\000e\000d\000\040\000M\000o\000d\000e\000l\000s\000\040\000o\000n\000\040\000S\000u\000m\000e\000C\000z\000e\000c\000h\000\040\000T\000e\000s\000t\000\040\000S\000e\000t}{chapter.6}% 48
\BOOKMARK [1][-]{section.6.2}{\376\377\000E\000v\000a\000l\000u\000a\000t\000i\000n\000g\000\040\000M\0007\000B\000-\000S\000C\000\040\000a\000n\000d\000\040\000M\0007\000B\000-\000P\000O\000C\000\040\000o\000n\000\040\000t\000h\000e\000\040\000P\000O\000C\000-\000P\000\040\000T\000e\000s\000t\000\040\000S\000e\000t}{chapter.6}% 49
\BOOKMARK [1][-]{section.6.3}{\376\377\000P\000e\000r\000f\000o\000r\000m\000a\000n\000c\000e\000\040\000o\000f\000\040\000I\000m\000p\000l\000e\000m\000e\000n\000t\000e\000d\000\040\000M\000e\000t\000h\000o\000d\000s\000\040\000o\000n\000\040\000P\000O\000C\000-\000P\000\040\000a\000n\000d\000\040\000P\000O\000C\000-\000I}{chapter.6}% 50
\BOOKMARK [1][-]{section.6.4}{\376\377\000E\000x\000a\000m\000p\000l\000e\000s\000\040\000a\000n\000d\000\040\000D\000i\000s\000c\000u\000s\000s\000i\000o\000n}{chapter.6}% 51
\BOOKMARK [0][-]{chapter.7}{\376\377\000C\000o\000n\000c\000l\000u\000s\000i\000o\000n}{}% 52
\BOOKMARK [0][-]{chapter.8}{\376\377\000A\000c\000r\000o\000n\000y\000m\000s}{}% 53
\BOOKMARK [0][-]{section*.15}{\376\377\000B\000i\000b\000l\000i\000o\000g\000r\000a\000p\000h\000y}{}% 54
\BOOKMARK [0][-]{chapter*.16}{\376\377\000L\000i\000s\000t\000\040\000o\000f\000\040\000F\000i\000g\000u\000r\000e\000s}{}% 55
\BOOKMARK [0][-]{chapter*.17}{\376\377\000L\000i\000s\000t\000\040\000o\000f\000\040\000T\000a\000b\000l\000e\000s}{}% 56
\BOOKMARK [0][-]{chapter*.18}{\376\377\000L\000i\000s\000t\000\040\000o\000f\000\040\000L\000i\000s\000t\000i\000n\000g\000s}{}% 57
